nohup: ignoring input
Port =  4200
[0mGET /weather.html [32m200 [0m9.752 ms - 1300[0m
[0mGET /weather.html [32m200 [0m7.162 ms - 1300[0m
[0mGET /weather.html [32m200 [0m12.523 ms - 1343[0m
[0mGET /style.css [33m404 [0m15.868 ms - 1096[0m
[0mGET /weather.html [32m200 [0m1.220 ms - 1343[0m
[0mGET /style.css [33m404 [0m2.062 ms - 1096[0m
[0mGET /weather.html [32m200 [0m1.076 ms - 1355[0m
[0mGET /stylesheets/style.css [32m200 [0m1.196 ms - 136[0m
[0mGET /weather.html [32m200 [0m0.854 ms - 1355[0m
[0mGET /stylesheets/style.css [32m200 [0m0.695 ms - 111[0m
[0mGET /weather.html [32m200 [0m11.212 ms - 1363[0m
[0mGET /stylesheets/style.css [32m200 [0m1.019 ms - 111[0m
[0mGET /weather.html [32m200 [0m0.777 ms - 1397[0m
[0mGET /stylesheets/style.css [32m200 [0m0.704 ms - 88[0m
[0mGET /weather.html [32m200 [0m0.672 ms - 1401[0m
[0mGET /stylesheets/style.css [32m200 [0m0.533 ms - 88[0m
[0mGET /weather.html [32m200 [0m2.374 ms - 1401[0m
[0mGET /stylesheets/style.css [32m200 [0m1.447 ms - 101[0m
[0mGET /weather.html [32m200 [0m0.787 ms - 1401[0m
[0mGET /stylesheets/style.css [32m200 [0m0.550 ms - 122[0m
[0mGET /weather.html [32m200 [0m0.509 ms - 1401[0m
[0mGET /stylesheets/style.css [32m200 [0m0.486 ms - 180[0m
[0mGET /weather.html [32m200 [0m0.985 ms - 1401[0m
[0mGET /stylesheets/style.css [32m200 [0m0.499 ms - 205[0m
[0mGET /weather.html [32m200 [0m0.603 ms - 1401[0m
[0mGET /stylesheets/style.css [32m200 [0m0.511 ms - 221[0m
[0mGET /weather.html [32m200 [0m0.555 ms - 1405[0m
[0mGET /stylesheets/style.css [32m200 [0m0.712 ms - 221[0m
[0mGET /weather.html [32m200 [0m0.904 ms - 1409[0m
[0mGET /stylesheets/style.css [32m200 [0m1.047 ms - 221[0m
Get city: 
[0mGET /getcity?q=G [32m200 [0m5.144 ms - 291[0m
Get city: 
[0mGET /getcity?q=G [32m200 [0m0.879 ms - 291[0m
[0mGET /weather.html [32m200 [0m0.510 ms - 1409[0m
Get city: 
[0mGET /getcity?q=G [32m200 [0m0.976 ms - 291[0m
[0mGET /stylesheets/style.css [32m200 [0m0.518 ms - 249[0m
Get city: 
[0mGET /getcity?q=G [32m200 [0m0.987 ms - 291[0m
Get city: 
[0mGET /getcity?q=G [32m200 [0m0.551 ms - 291[0m
[0mGET /weather.html [32m200 [0m0.852 ms - 1409[0m
[0mGET /stylesheets/style.css [32m200 [0m0.578 ms - 264[0m
Get city: 
Get city: 
[0mGET /getcity?q=G [32m200 [0m1.361 ms - 291[0m
[0mGET /getcity?q=G [32m200 [0m1.528 ms - 291[0m
[0mGET /weather.html [32m200 [0m0.530 ms - 1409[0m
[0mGET /stylesheets/style.css [32m200 [0m0.828 ms - 249[0m
Get city: 
[0mGET /getcity?q=G [32m200 [0m1.780 ms - 291[0m
Get city: 
[0mGET /getcity?q=G [32m200 [0m3.529 ms - 291[0m
[0mGET /weather.html [32m200 [0m0.498 ms - 1409[0m
[0mGET /stylesheets/style.css [32m200 [0m0.496 ms - 349[0m
Get city: 
[0mGET /getcity?q=F [32m200 [0m0.760 ms - 192[0m
Get city: 
[0mGET /getcity?q=F [32m200 [0m0.534 ms - 192[0m
[0mGET /weather.html [32m200 [0m0.547 ms - 1409[0m
[0mGET /stylesheets/style.css [32m200 [0m0.492 ms - 365[0m
[0mGET /weather.html [32m200 [0m1.031 ms - 1409[0m
[0mGET /stylesheets/style.css [32m200 [0m0.526 ms - 384[0m
Get city: 
Get city: 
[0mGET /getcity?q=F [32m200 [0m2.611 ms - 192[0m
[0mGET /getcity?q=F [32m200 [0m1.526 ms - 192[0m
[0mGET /weather.html [32m200 [0m0.488 ms - 1409[0m
[0mGET /stylesheets/style.css [32m200 [0m2.348 ms - 391[0m
[0mGET /weather.html [32m200 [0m0.488 ms - 1409[0m
[0mGET /stylesheets/style.css [32m200 [0m0.482 ms - 404[0m
[0mGET /weather.html [32m200 [0m0.525 ms - 1409[0m
[0mGET /stylesheets/style.css [32m200 [0m0.521 ms - 405[0m
[0mGET /weather.html [32m200 [0m0.499 ms - 1409[0m
[0mGET /stylesheets/style.css [32m200 [0m0.498 ms - 404[0m
[0mGET /favicon.ico [33m404 [0m1.981 ms - 1096[0m
Get city: 
[0mGET /getcity?q=G [36m304 [0m1.668 ms - -[0m
Get city: 
[0mGET /getcity?q=G [36m304 [0m1.549 ms - -[0m
[0mGET /weather.html [32m200 [0m0.527 ms - 1409[0m
[0mGET /stylesheets/style.css [32m200 [0m0.507 ms - 404[0m
[0mGET /favicon.ico [33m404 [0m0.831 ms - 1096[0m
Get city: 
[0mGET /getcity?q=F [36m304 [0m0.719 ms - -[0m
Get city: 
[0mGET /getcity?q=F [36m304 [0m0.950 ms - -[0m
[0mGET /weather.html [32m200 [0m1.613 ms - 1409[0m
[0mGET /stylesheets/style.css [32m200 [0m0.507 ms - 409[0m
[0mGET /favicon.ico [33m404 [0m2.430 ms - 1096[0m
Get city: 
[0mGET /getcity?q=G [36m304 [0m2.734 ms - -[0m
Get city: 
[0mGET /getcity?q=G [36m304 [0m0.988 ms - -[0m
query  { q: 'man' }
[0mGET /owl?q=man [32m200 [0m205.728 ms - -[0m
[0mGET /weather.html [32m200 [0m0.612 ms - 1409[0m
[0mGET /stylesheets/style.css [32m200 [0m1.785 ms - 417[0m
[0mGET /favicon.ico [33m404 [0m0.903 ms - 1096[0m
Get city: 
[0mGET /getcity?q=t [32m200 [0m1.124 ms - 2[0m
Get city: 
[0mGET /getcity?q=thi [32m200 [0m0.891 ms - 2[0m
Get city: 
[0mGET /getcity?q=thin [32m200 [0m1.011 ms - 2[0m
Get city: 
[0mGET /getcity?q=thin [36m304 [0m1.844 ms - -[0m
Get city: 
[0mGET /getcity?q=thing [32m200 [0m1.191 ms - 2[0m
[0mGET /weather.html? [32m200 [0m0.780 ms - 1409[0m
[0mGET /stylesheets/style.css [36m304 [0m0.639 ms - -[0m
Get city: 
[0mGET /getcity?q=F [36m304 [0m1.603 ms - -[0m
Get city: 
[0mGET /getcity?q=F [36m304 [0m2.965 ms - -[0m
[0mGET /weather.html? [32m200 [0m0.843 ms - 1409[0m
[0mGET /stylesheets/style.css [32m200 [0m0.525 ms - 409[0m
[0mGET /favicon.ico [33m404 [0m0.874 ms - 1096[0m
Get city: 
[0mGET /getcity?q=F [36m304 [0m0.800 ms - -[0m
Get city: 
[0mGET /getcity?q=F [36m304 [0m1.263 ms - -[0m
[0mGET /weather.html? [32m200 [0m0.526 ms - 1409[0m
[0mGET /stylesheets/style.css [32m200 [0m0.530 ms - 496[0m
[0mGET /favicon.ico [33m404 [0m1.861 ms - 1096[0m
Get city: 
[0mGET /getcity?q=G [36m304 [0m0.772 ms - -[0m
Get city: 
[0mGET /getcity?q=G [36m304 [0m0.768 ms - -[0m
query  { q: 'man' }
[0mGET /owl?q=man [32m200 [0m161.213 ms - -[0m
[0mGET /weather.html? [32m200 [0m2.401 ms - 1409[0m
[0mGET /stylesheets/style.css [32m200 [0m1.965 ms - 480[0m
[0mGET /favicon.ico [33m404 [0m0.845 ms - 1096[0m
[0mGET /weather.html? [32m200 [0m0.489 ms - 1409[0m
[0mGET /stylesheets/style.css [32m200 [0m0.527 ms - 496[0m
[0mGET /favicon.ico [33m404 [0m1.370 ms - 1096[0m
[0mGET / [32m200 [0m2.993 ms - 1409[0m
[0mGET /stylesheets/style.css [32m200 [0m0.536 ms - 496[0m
[0mGET /favicon.ico [33m404 [0m1.281 ms - 1096[0m
[0mGET /weather.html [32m200 [0m0.542 ms - 1409[0m
[0mGET /stylesheets/style.css [36m304 [0m0.362 ms - -[0m
Get city: 
[0mGET /getcity?q=G [32m200 [0m2.649 ms - 291[0m
Get city: 
[0mGET /getcity?q=Ga [32m200 [0m1.379 ms - 63[0m
Get city: 
[0mGET /getcity?q=Gar [32m200 [0m1.447 ms - 63[0m
query  { q: 'Man' }
[0mGET /owl?q=Man [32m200 [0m157.110 ms - -[0m
query  { q: 'Man' }
[0mGET /owl?q=Man [32m200 [0m144.566 ms - -[0m
query  { q: 'man' }
[0mGET /owl?q=man [32m200 [0m162.912 ms - -[0m
[0mGET /weather.html? [32m200 [0m1.585 ms - 1423[0m
[0mGET /stylesheets/style.css [32m200 [0m0.541 ms - 496[0m
[0mGET /favicon.ico [33m404 [0m1.175 ms - 1096[0m
[0mGET /weather.html? [32m200 [0m0.699 ms - 1427[0m
[0mGET /stylesheets/style.css [32m200 [0m2.247 ms - 496[0m
[0mGET /favicon.ico [33m404 [0m0.835 ms - 1096[0m
[0mGET /weather.html? [32m200 [0m0.493 ms - 1435[0m
[0mGET /stylesheets/style.css [32m200 [0m0.532 ms - 496[0m
[0mGET /favicon.ico [33m404 [0m1.501 ms - 1096[0m
Get city: 
[0mGET /getcity?q=G [36m304 [0m2.529 ms - -[0m
Get city: 
[0mGET /getcity?q=G [36m304 [0m1.541 ms - -[0m
Get city: 
[0mGET /getcity?q=Gar [36m304 [0m2.472 ms - -[0m
Get city: 
[0mGET /getcity?q=Gar [36m304 [0m1.845 ms - -[0m
Get city: 
[0mGET /getcity?q=Garde [32m200 [0m1.676 ms - 24[0m
Get city: 
[0mGET /getcity?q=Garden [32m200 [0m3.386 ms - 24[0m
Get city: 
[0mGET /getcity?q=Garden [36m304 [0m1.396 ms - -[0m
Get city: 
[0mGET /getcity?q=Garden [36m304 [0m0.907 ms - -[0m
Get city: 
[0mGET /getcity?q=Garden%20C [32m200 [0m0.935 ms - 24[0m
Get city: 
[0mGET /getcity?q=Garden%20C [36m304 [0m1.028 ms - -[0m
Get city: 
[0mGET /getcity?q=Garden%20Ci [32m200 [0m2.084 ms - 24[0m
Get city: 
[0mGET /getcity?q=Garden%20City [32m200 [0m0.937 ms - 24[0m
Get city: 
[0mGET /getcity?q=Garden%20City [36m304 [0m0.953 ms - -[0m
query  { q: 'foxy' }
[0mGET /owl?q=foxy [32m200 [0m157.564 ms - -[0m
[0mGET /weather.html? [32m200 [0m1.233 ms - 1439[0m
[0mGET /stylesheets/style.css [32m200 [0m0.514 ms - 496[0m
[0mGET /favicon.ico [33m404 [0m0.899 ms - 1096[0m
[0mGET /weather.html? [32m200 [0m4.277 ms - 1431[0m
[0mGET /stylesheets/style.css [32m200 [0m0.517 ms - 496[0m
[0mGET /favicon.ico [33m404 [0m0.878 ms - 1096[0m
Get city: 
[0mGET /getcity?q=G [36m304 [0m0.889 ms - -[0m
Get city: 
[0mGET /getcity?q=G [36m304 [0m0.980 ms - -[0m
Get city: 
[0mGET /getcity?q=Gar [36m304 [0m0.799 ms - -[0m
Get city: 
[0mGET /getcity?q=Gar [36m304 [0m0.713 ms - -[0m
Get city: 
[0mGET /getcity?q=Garla [36m304 [0m1.335 ms - -[0m
Get city: 
[0mGET /getcity?q=Garla [36m304 [0m0.959 ms - -[0m
Get city: 
[0mGET /getcity?q=Garlan [36m304 [0m1.494 ms - -[0m
Get city: 
[0mGET /getcity?q=Garland [36m304 [0m0.936 ms - -[0m
query  { q: 'thing' }
[0mGET /owl?q=thing [32m200 [0m141.148 ms - -[0m
[0mGET /weather.html? [32m200 [0m0.545 ms - 1431[0m
[0mGET /stylesheets/style.css [32m200 [0m0.491 ms - 589[0m
[0mGET /favicon.ico [33m404 [0m0.866 ms - 1096[0m
[0mGET /weather.html? [32m200 [0m0.504 ms - 1431[0m
[0mGET /stylesheets/style.css [32m200 [0m0.494 ms - 639[0m
[0mGET /favicon.ico [33m404 [0m1.248 ms - 1096[0m
[0mGET /weather.html? [32m200 [0m0.489 ms - 1431[0m
[0mGET /stylesheets/style.css [32m200 [0m0.508 ms - 668[0m
[0mGET /favicon.ico [33m404 [0m0.879 ms - 1096[0m
[0mGET /weather.html? [32m200 [0m0.488 ms - 1431[0m
[0mGET /stylesheets/style.css [32m200 [0m0.508 ms - 653[0m
[0mGET /favicon.ico [33m404 [0m0.876 ms - 1096[0m
[0mGET /weather.html? [32m200 [0m0.515 ms - 1431[0m
[0mGET /stylesheets/style.css [32m200 [0m0.498 ms - 663[0m
[0mGET /favicon.ico [33m404 [0m0.849 ms - 1096[0m
[0mGET /weather.html? [32m200 [0m0.482 ms - 1431[0m
[0mGET /stylesheets/style.css [32m200 [0m0.479 ms - 668[0m
[0mGET /favicon.ico [33m404 [0m0.825 ms - 1096[0m
[0mGET /weather.html? [32m200 [0m0.536 ms - 1431[0m
[0mGET /stylesheets/style.css [32m200 [0m0.492 ms - 668[0m
[0mGET /favicon.ico [33m404 [0m0.848 ms - 1096[0m
[0mGET /weather.html? [32m200 [0m0.504 ms - 1431[0m
[0mGET /stylesheets/style.css [32m200 [0m1.049 ms - 643[0m
[0mGET /favicon.ico [33m404 [0m0.815 ms - 1096[0m
[0mGET /weather.html? [32m200 [0m0.478 ms - 1431[0m
[0mGET /stylesheets/style.css [32m200 [0m0.490 ms - 565[0m
[0mGET /favicon.ico [33m404 [0m1.955 ms - 1096[0m
[0mGET /weather.html? [32m200 [0m0.488 ms - 1431[0m
[0mGET /stylesheets/style.css [32m200 [0m1.040 ms - 580[0m
[0mGET /favicon.ico [33m404 [0m0.808 ms - 1096[0m
Get city: 
[0mGET /getcity?q=G [36m304 [0m0.800 ms - -[0m
Get city: 
[0mGET /getcity?q=G [36m304 [0m0.726 ms - -[0m
query  { q: 'fox' }
[0mGET /owl?q=fox [32m200 [0m164.345 ms - -[0m
[0mGET /weather.html? [32m200 [0m0.467 ms - 1431[0m
[0mGET /stylesheets/style.css [32m200 [0m0.502 ms - 570[0m
[0mGET /favicon.ico [33m404 [0m0.846 ms - 1096[0m
Get city: 
[0mGET /getcity?q=G [36m304 [0m0.756 ms - -[0m
Get city: 
[0mGET /getcity?q=G [36m304 [0m0.925 ms - -[0m
[0mGET /weather.html? [32m200 [0m0.487 ms - 1431[0m
[0mGET /stylesheets/style.css [32m200 [0m0.519 ms - 569[0m
[0mGET /favicon.ico [33m404 [0m2.160 ms - 1096[0m
Get city: 
[0mGET /getcity?q=G [36m304 [0m3.286 ms - -[0m
Get city: 
[0mGET /getcity?q=G [36m304 [0m1.529 ms - -[0m
[0mGET /weather.html? [32m200 [0m0.880 ms - 1431[0m
[0mGET /stylesheets/style.css [32m200 [0m0.477 ms - 583[0m
[0mGET /favicon.ico [33m404 [0m0.829 ms - 1096[0m
Get city: 
[0mGET /getcity?q=G [36m304 [0m0.919 ms - -[0m
Get city: 
[0mGET /getcity?q=G [36m304 [0m0.911 ms - -[0m
Get city: 
[0mGET /getcity?q=Gar [36m304 [0m0.896 ms - -[0m
Get city: 
[0mGET /getcity?q=Gar [36m304 [0m1.846 ms - -[0m
Get city: 
[0mGET /getcity?q=Garl [36m304 [0m0.972 ms - -[0m
Get city: 
[0mGET /getcity?q=Garla [36m304 [0m3.299 ms - -[0m
Get city: 
[0mGET /getcity?q=Garlan [36m304 [0m0.863 ms - -[0m
Get city: 
[0mGET /getcity?q=Garland [36m304 [0m0.938 ms - -[0m
Get city: 
[0mGET /getcity?q=Garlan [36m304 [0m0.727 ms - -[0m
Get city: 
[0mGET /getcity?q=Garla [36m304 [0m1.311 ms - -[0m
Get city: 
[0mGET /getcity?q=Garl [36m304 [0m1.086 ms - -[0m
Get city: 
[0mGET /getcity?q=Gar [36m304 [0m0.709 ms - -[0m
Get city: 
[0mGET /getcity?q=Ga [36m304 [0m0.715 ms - -[0m
Get city: 
[0mGET /getcity?q=G [36m304 [0m0.728 ms - -[0m
[0mGET /weather.html? [32m200 [0m0.462 ms - 1431[0m
[0mGET /stylesheets/style.css [32m200 [0m0.477 ms - 582[0m
[0mGET /favicon.ico [33m404 [0m0.830 ms - 1096[0m
Get city: 
[0mGET /getcity?q=H [36m304 [0m0.847 ms - -[0m
Get city: 
[0mGET /getcity?q=H [36m304 [0m0.703 ms - -[0m
Get city: 
[0mGET /getcity?q=Hi [32m200 [0m0.740 ms - 80[0m
query  { q: 'man' }
[0mGET /owl?q=man [32m200 [0m168.337 ms - -[0m
[0mGET /weather.html [32m200 [0m0.447 ms - 1431[0m
[0mGET /stylesheets/style.css [32m200 [0m0.496 ms - 582[0m
Get city: 
[0mGET /getcity?q=F [32m200 [0m1.544 ms - 192[0m
query  { q: 'Owl' }
[0mGET /owl?q=Owl [32m200 [0m204.691 ms - -[0m
query  { q: 'owl' }
[0mGET /owl?q=owl [32m200 [0m145.912 ms - -[0m
Get city: 
[0mGET /getcity?q=H [36m304 [0m0.977 ms - -[0m
Get city: 
[0mGET /getcity?q= [36m304 [0m0.956 ms - -[0m
[0mGET /weather.html? [32m200 [0m0.448 ms - 1431[0m
[0mGET /stylesheets/style.css [32m200 [0m0.511 ms - 582[0m
[0mGET /favicon.ico [33m404 [0m4.673 ms - 1096[0m
Get city: 
[0mGET /getcity?q=H [36m304 [0m3.583 ms - -[0m
Get city: 
[0mGET /getcity?q=H [36m304 [0m0.770 ms - -[0m
Get city: 
[0mGET /getcity?q=He [36m304 [0m0.791 ms - -[0m
Get city: 
[0mGET /getcity?q=Hel [32m200 [0m1.338 ms - 19[0m
Get city: 
[0mGET /getcity?q=Helpe [32m200 [0m0.722 ms - 19[0m
Get city: 
[0mGET /getcity?q=Helper [32m200 [0m0.731 ms - 19[0m
Get city: 
[0mGET /getcity?q=Helper [36m304 [0m0.752 ms - -[0m
query  { q: 'man' }
[0mGET /owl?q=man [32m200 [0m154.959 ms - -[0m
Get city: 
[0mGET /getcity?q=Helpe [36m304 [0m2.076 ms - -[0m
Get city: 
[0mGET /getcity?q=Help [32m200 [0m0.940 ms - 19[0m
Get city: 
[0mGET /getcity?q=Hel [36m304 [0m0.757 ms - -[0m
Get city: 
[0mGET /getcity?q=He [36m304 [0m0.724 ms - -[0m
Get city: 
[0mGET /getcity?q=H [36m304 [0m0.718 ms - -[0m
Get city: 
[0mGET /getcity?q= [36m304 [0m0.844 ms - -[0m
query  { q: 'queen' }
[0mGET /owl?q=queen [32m200 [0m295.317 ms - -[0m
